[2025-04-14T10:39:00.579Z] Analítica 67efce987ae0482e47aaaa59:
  Añadido total/hdl: 6.84
[2025-04-14T10:39:00.583Z] Analítica 67f4b3ddde50532825f9eea3:
  Añadido total/hdl: 4.39
[2025-04-14T10:39:00.585Z] Analítica 67f4b607de50532825f9f230:
  Añadido total/hdl: 5.49
[2025-04-14T10:39:00.586Z] Analítica 67f4bbdb5e1f321d9ca92e56:
  Añadido total/hdl: 5.17
[2025-04-14T10:39:00.589Z] Analítica 67f7701e72e12a0d2408b0d2:
  Añadido total/hdl: 6.07
[2025-04-14T10:39:00.590Z] Analítica 67f8b073ed903d3c7f622d99:
  Añadido total/hdl: 6.51
[2025-04-14T10:39:00.591Z] Analítica 67f8c6a9ed903d3c7f622f95:
  Añadido total/hdl: 5.00
[2025-04-14T11:24:32.187Z] Analítica 67efce987ae0482e47aaaa59:
  Añadido ldl/hdl: 4.103225806451613
  Añadido trigliceridos/hdl: 8.806451612903226
  Añadido total/hdl: 6.838709677419355
[2025-04-14T11:24:32.189Z] Analítica 67f4b3ddde50532825f9eea3:
  Añadido ldl/hdl: 3
  Añadido trigliceridos/hdl: 1.9090909090909092
  Añadido total/hdl: 4.386363636363637
[2025-04-14T11:24:32.190Z] Analítica 67f4b607de50532825f9f230:
  Añadido ldl/hdl: 3.8205128205128207
  Añadido trigliceridos/hdl: 3.3076923076923075
  Añadido total/hdl: 5.487179487179487
[2025-04-14T11:24:32.191Z] Analítica 67f4bbdb5e1f321d9ca92e56:
  Añadido ldl/hdl: 3.5238095238095237
  Añadido trigliceridos/hdl: 3.1904761904761907
  Añadido total/hdl: 5.166666666666667
[2025-04-14T11:24:32.192Z] Analítica 67f7701e72e12a0d2408b0d2:
  Añadido trigliceridos/hdl: 2.317073170731707
  Añadido total/hdl: 6.073170731707317
[2025-04-14T11:24:32.192Z] Analítica 67f8b073ed903d3c7f622d99:
  Añadido ldl/hdl: 4.594594594594595
  Añadido trigliceridos/hdl: 4.648648648648648
  Añadido total/hdl: 6.513513513513513
[2025-04-14T11:24:32.193Z] Analítica 67f8c6a9ed903d3c7f622f95:
  Añadido ldl/hdl: 3.4047619047619047
  Añadido trigliceridos/hdl: 3.0238095238095237
  Añadido total/hdl: 5
[2025-04-14T11:25:38.234Z] Analítica 67efce987ae0482e47aaaa59:
  Añadido ldl/hdl: 4.103225806451613
  Añadido trigliceridos/hdl: 8.806451612903226
  Añadido total/hdl: 6.838709677419355
[2025-04-14T11:25:38.520Z] Analítica 67f4b3ddde50532825f9eea3:
  Añadido ldl/hdl: 3
  Añadido trigliceridos/hdl: 1.9090909090909092
  Añadido total/hdl: 4.386363636363637
[2025-04-14T11:25:38.969Z] Analítica 67f4b607de50532825f9f230:
  Añadido ldl/hdl: 3.8205128205128207
  Añadido trigliceridos/hdl: 3.3076923076923075
  Añadido total/hdl: 5.487179487179487
[2025-04-14T11:25:39.046Z] Analítica 67f4bbdb5e1f321d9ca92e56:
  Añadido ldl/hdl: 3.5238095238095237
  Añadido trigliceridos/hdl: 3.1904761904761907
  Añadido total/hdl: 5.166666666666667
[2025-04-14T11:25:39.207Z] Analítica 67f7701e72e12a0d2408b0d2:
  Añadido trigliceridos/hdl: 2.317073170731707
  Añadido total/hdl: 6.073170731707317
[2025-04-14T11:25:39.285Z] Analítica 67f8b073ed903d3c7f622d99:
  Añadido ldl/hdl: 4.594594594594595
  Añadido trigliceridos/hdl: 4.648648648648648
  Añadido total/hdl: 6.513513513513513
[2025-04-14T11:25:39.410Z] Analítica 67f8c6a9ed903d3c7f622f95:
  Añadido ldl/hdl: 3.4047619047619047
  Añadido trigliceridos/hdl: 3.0238095238095237
  Añadido total/hdl: 5
[2026-01-02T12:20:44.494Z] Analítica 67f4b3ddde50532825f9eea3:
  Añadido tg_hdl_ratio: 1.9090909090909092
  Añadido eag: 96.8
[2026-01-02T12:20:44.496Z] Analítica 67f4b607de50532825f9f230:
  Añadido tg_hdl_ratio: 3.3076923076923075
[2026-01-02T12:20:44.496Z] Analítica 67f4bbdb5e1f321d9ca92e56:
  Añadido tg_hdl_ratio: 3.1904761904761907
[2026-01-02T12:20:44.496Z] Analítica 67f7701e72e12a0d2408b0d2:
  Añadido tg_hdl_ratio: 2.317073170731707
[2026-01-02T12:20:44.497Z] Analítica 67f8b073ed903d3c7f622d99:
  Añadido tg_hdl_ratio: 4.648648648648648
  Añadido eag: 105.40999999999998
[2026-01-02T12:20:44.497Z] Analítica 67f8c6a9ed903d3c7f622f95:
  Añadido tg_hdl_ratio: 3.0238095238095237
[2026-01-02T12:20:44.498Z] Analítica 67fe91e1a8ad4b684636dc35:
  Añadido tg_hdl_ratio: 8.806451612903226
[2026-01-02T12:20:44.498Z] Analítica 68b54f32a5d02bf969842ac2:
  Añadido tg_hdl_ratio: 8.806451612903226
[2026-01-02T12:20:44.498Z] Analítica 68b55181a5d02bf969842c3b:
  Añadido tg_hdl_ratio: 3.0238095238095237
[2026-01-02T12:20:44.498Z] Analítica 68cda4cd55639b06371b7f7b:
  Añadido tg_hdl_ratio: 1.72
[2026-01-02T12:20:44.499Z] Analítica 69556201189cc84fbdb8b7a9:
  Añadido tg_hdl_ratio: 4.648648648648648
  Añadido eag: 105.40999999999998
[2026-01-02T12:20:44.499Z] Analítica 6955627a189cc84fbdb8bbce:
  Añadido tg_hdl_ratio: 1.9090909090909092
  Añadido eag: 96.8
[2026-01-02T12:20:44.499Z] Analítica 695566c1449c47d8b2c0d8a8:
  Añadido tg_hdl_ratio: 3.3076923076923075
[2026-01-02T12:20:44.499Z] Analítica 69556a08449c47d8b2c0d9d8:
  Añadido tg_hdl_ratio: 3.1904761904761907
[2026-01-02T12:30:41.722Z] Analítica 67f4b3ddde50532825f9eea3:
  Añadido tg_hdl_ratio: 1.9090909090909092
  Añadido eag: 96.8
[2026-01-02T12:30:41.840Z] Analítica 67f4b607de50532825f9f230:
  Añadido tg_hdl_ratio: 3.3076923076923075
[2026-01-02T12:30:42.196Z] Analítica 67f4bbdb5e1f321d9ca92e56:
  Añadido tg_hdl_ratio: 3.1904761904761907
[2026-01-02T12:30:42.261Z] Analítica 67f7701e72e12a0d2408b0d2:
  Añadido tg_hdl_ratio: 2.317073170731707
[2026-01-02T12:30:42.323Z] Analítica 67f8b073ed903d3c7f622d99:
  Añadido tg_hdl_ratio: 4.648648648648648
  Añadido eag: 105.40999999999998
[2026-01-02T12:30:42.396Z] Analítica 67f8c6a9ed903d3c7f622f95:
  Añadido tg_hdl_ratio: 3.0238095238095237
[2026-01-02T12:30:42.452Z] Analítica 67fe91e1a8ad4b684636dc35:
  Añadido tg_hdl_ratio: 8.806451612903226
[2026-01-02T12:30:42.511Z] Analítica 68b54f32a5d02bf969842ac2:
  Añadido tg_hdl_ratio: 8.806451612903226
[2026-01-02T12:30:42.583Z] Analítica 68b55181a5d02bf969842c3b:
  Añadido tg_hdl_ratio: 3.0238095238095237
[2026-01-02T12:30:42.653Z] Analítica 68cda4cd55639b06371b7f7b:
  Añadido tg_hdl_ratio: 1.72
[2026-01-02T12:30:42.735Z] Analítica 69556201189cc84fbdb8b7a9:
  Añadido tg_hdl_ratio: 4.648648648648648
  Añadido eag: 105.40999999999998
[2026-01-02T12:30:42.795Z] Analítica 6955627a189cc84fbdb8bbce:
  Añadido tg_hdl_ratio: 1.9090909090909092
  Añadido eag: 96.8
[2026-01-02T12:30:42.882Z] Analítica 695566c1449c47d8b2c0d8a8:
  Añadido tg_hdl_ratio: 3.3076923076923075
[2026-01-02T12:30:42.976Z] Analítica 69556a08449c47d8b2c0d9d8:
  Añadido tg_hdl_ratio: 3.1904761904761907
